<?xml version="1.0" encoding="UTF-8"?>
<!-- Generated by org.testng.reporters.JUnitXMLReporter -->
<testsuite ignored="12" hostname="DESKTOP-CH883P8" failures="0" tests="1" name="Default test(failed)" time="6.723" errors="0" timestamp="2023-12-05T09:52:01 IST">
  <testcase classname="testcases.Cart_Page_Test" name="verifyFooterTxtCartPageTest" time="0.065"/>
  <testcase classname="testcases.Cart_Page_Test" name="verifyCartFacebookLogoTest" time="0.0">
    <ignored/>
  </testcase> <!-- verifyCartFacebookLogoTest -->
  <testcase classname="testcases.Cart_Page_Test" name="verifyCartQTYLableTest" time="0.0">
    <ignored/>
  </testcase> <!-- verifyCartQTYLableTest -->
  <testcase classname="testcases.Cart_Page_Test" name="VerifyshoppingCartPageTest" time="0.0">
    <ignored/>
  </testcase> <!-- VerifyshoppingCartPageTest -->
  <testcase classname="testcases.Cart_Page_Test" name="verifyCartDescriptionLableTest" time="0.0">
    <ignored/>
  </testcase> <!-- verifyCartDescriptionLableTest -->
  <testcase classname="testcases.Cart_Page_Test" name="verifyCartPageTitle" time="0.0">
    <ignored/>
  </testcase> <!-- verifyCartPageTitle -->
  <testcase classname="testcases.Cart_Page_Test" name="verifyCartLinkedInLogoTest" time="0.0">
    <ignored/>
  </testcase> <!-- verifyCartLinkedInLogoTest -->
  <testcase classname="testcases.Cart_Page_Test" name="verifyCartCheckOutBtnTest" time="0.0">
    <ignored/>
  </testcase> <!-- verifyCartCheckOutBtnTest -->
  <testcase classname="testcases.Cart_Page_Test" name="VerifyURLofCheckOutPageTest" time="0.0">
    <ignored/>
  </testcase> <!-- VerifyURLofCheckOutPageTest -->
  <testcase classname="testcases.Cart_Page_Test" name="verifyContinueShoppingCartBtnTest" time="0.0">
    <ignored/>
  </testcase> <!-- verifyContinueShoppingCartBtnTest -->
  <testcase classname="testcases.Cart_Page_Test" name="VerifyURLofCartPageTest" time="0.0">
    <ignored/>
  </testcase> <!-- VerifyURLofCartPageTest -->
  <testcase classname="testcases.Cart_Page_Test" name="verifyCartTwitterLogoTest" time="0.0">
    <ignored/>
  </testcase> <!-- verifyCartTwitterLogoTest -->
  <testcase classname="testcases.Cart_Page_Test" name="verifyCart3linesTest" time="0.0">
    <ignored/>
  </testcase> <!-- verifyCart3linesTest -->
</testsuite> <!-- Default test(failed) -->
