<?xml version="1.0" encoding="UTF-8"?>
<!-- Generated by org.testng.reporters.JUnitXMLReporter -->
<testsuite ignored="0" hostname="DESKTOP-CH883P8" failures="0" tests="23" name="Test" time="96.448" errors="0" timestamp="2023-12-05T09:54:16 IST">
  <testcase classname="testcases.LoginPage_Test" name="LoginToApplicationTest" time="1.35"/>
  <testcase classname="testcases.LoginPage_Test" name="verifyTitleOfApplicationTest" time="0.075"/>
  <testcase classname="testcases.LoginPage_Test" name="verifyURLofApplicationTest" time="0.064"/>
  <testcase classname="testcases.Inventorypage2Test" name="add6ProductsTest" time="0.565"/>
  <testcase classname="testcases.Inventorypage2Test" name="remove6ProductsTest" time="2.962"/>
  <testcase classname="testcases.Inventorypage2Test" name="verifyAppLogoTest" time="0.052"/>
  <testcase classname="testcases.Inventorypage2Test" name="verifyFacebookLogoTest" time="0.033"/>
  <testcase classname="testcases.Inventorypage2Test" name="verifyLinkdinLogoTest" time="0.041"/>
  <testcase classname="testcases.Inventorypage2Test" name="verifyProductLableTest" time="0.067"/>
  <testcase classname="testcases.Inventorypage2Test" name="verifyTwitterLogoTest" time="0.057"/>
  <testcase classname="testcases.Cart_Page_Test" name="VerifyURLofCartPageTest" time="0.011"/>
  <testcase classname="testcases.Cart_Page_Test" name="VerifyURLofCheckOutPageTest" time="0.056"/>
  <testcase classname="testcases.Cart_Page_Test" name="VerifyshoppingCartPageTest" time="0.095"/>
  <testcase classname="testcases.Cart_Page_Test" name="verifyCart3linesTest" time="0.026"/>
  <testcase classname="testcases.Cart_Page_Test" name="verifyCartCheckOutBtnTest" time="0.054"/>
  <testcase classname="testcases.Cart_Page_Test" name="verifyCartDescriptionLableTest" time="0.028"/>
  <testcase classname="testcases.Cart_Page_Test" name="verifyCartFacebookLogoTest" time="0.036"/>
  <testcase classname="testcases.Cart_Page_Test" name="verifyCartLinkedInLogoTest" time="0.048"/>
  <testcase classname="testcases.Cart_Page_Test" name="verifyCartPageTitle" time="0.052"/>
  <testcase classname="testcases.Cart_Page_Test" name="verifyCartQTYLableTest" time="0.021"/>
  <testcase classname="testcases.Cart_Page_Test" name="verifyCartTwitterLogoTest" time="0.065"/>
  <testcase classname="testcases.Cart_Page_Test" name="verifyContinueShoppingCartBtnTest" time="0.06"/>
  <testcase classname="testcases.Cart_Page_Test" name="verifyFooterTxtCartPageTest" time="0.027"/>
</testsuite> <!-- Test -->
