<?xml version="1.0" encoding="UTF-8"?>
<!-- Generated by org.testng.reporters.JUnitXMLReporter -->
<testsuite ignored="0" hostname="DESKTOP-CH883P8" failures="0" tests="3" name="Default test" time="11.749" errors="0" timestamp="2023-12-13T10:03:32 IST">
  <testcase classname="testcases.LoginPage_Test" name="verifyURLofApplicationTest" time="0.752"/>
  <testcase classname="testcases.LoginPage_Test" name="verifyTitleOfApplicationTest" time="0.047"/>
  <testcase classname="testcases.LoginPage_Test" name="LoginToApplicationTest" time="0.36"/>
</testsuite> <!-- Default test -->
