<?xml version="1.0" encoding="UTF-8"?>
<!-- Generated by org.testng.reporters.JUnitXMLReporter -->
<testsuite ignored="7" hostname="DESKTOP-CH883P8" failures="0" tests="3" name="Test_Groups" time="17.081" errors="0" timestamp="2023-12-12T14:33:22 IST">
  <testcase classname="testcases.LoginPage_Test" name="verifyURLofApplicationTest" time="1.679"/>
  <testcase classname="testcases.LoginPage_Test" name="verifyTitleOfApplicationTest" time="0.083"/>
  <testcase classname="testcases.Inventorypage2Test" name="verifyProductLableTest" time="0.167"/>
  <testcase classname="testcases.Inventorypage2Test" name="remove6ProductsTest" time="0.0">
    <ignored/>
  </testcase> <!-- remove6ProductsTest -->
  <testcase classname="testcases.LoginPage_Test" name="LoginToApplicationTest" time="0.0">
    <ignored/>
  </testcase> <!-- LoginToApplicationTest -->
  <testcase classname="testcases.Inventorypage2Test" name="verifyFacebookLogoTest" time="0.0">
    <ignored/>
  </testcase> <!-- verifyFacebookLogoTest -->
  <testcase classname="testcases.Inventorypage2Test" name="verifyLinkdinLogoTest" time="0.0">
    <ignored/>
  </testcase> <!-- verifyLinkdinLogoTest -->
  <testcase classname="testcases.Inventorypage2Test" name="verifyAppLogoTest" time="0.0">
    <ignored/>
  </testcase> <!-- verifyAppLogoTest -->
  <testcase classname="testcases.Inventorypage2Test" name="add6ProductsTest" time="0.0">
    <ignored/>
  </testcase> <!-- add6ProductsTest -->
  <testcase classname="testcases.Inventorypage2Test" name="verifyTwitterLogoTest" time="0.0">
    <ignored/>
  </testcase> <!-- verifyTwitterLogoTest -->
</testsuite> <!-- Test_Groups -->
