<?xml version="1.0" encoding="UTF-8"?>
<!-- Generated by org.testng.reporters.JUnitXMLReporter -->
<testsuite ignored="0" hostname="DESKTOP-CH883P8" failures="0" tests="38" name="Test" time="153.041" errors="0" timestamp="2023-12-07T21:10:59 IST">
  <testcase classname="testcases.CompletePage_Test" name="VerifyBackHomeBtnTest" time="0.082"/>
  <testcase classname="testcases.CompletePage_Test" name="VerifyCompletePageTitleTest" time="0.026"/>
  <testcase classname="testcases.CompletePage_Test" name="VerifyImageLogoTest" time="0.034"/>
  <testcase classname="testcases.CompletePage_Test" name="VerifyThankYouMsgTest" time="0.037"/>
  <testcase classname="testcases.CompletePage_Test" name="VerifyURLofCompletePage" time="0.009"/>
  <testcase classname="testcases.CompletePage_Test" name="VerifyYourOrderMsgTest" time="0.029"/>
  <testcase classname="testcases.LoginPage_Test" name="LoginToApplicationTest" time="1.224"/>
  <testcase classname="testcases.LoginPage_Test" name="verifyTitleOfApplicationTest" time="0.092"/>
  <testcase classname="testcases.LoginPage_Test" name="verifyURLofApplicationTest" time="0.093"/>
  <testcase classname="testcases.CheckOutPage1_Test" name="InputinformationTest" time="0.301"/>
  <testcase classname="testcases.CheckOutPage1_Test" name="verifyTitleofApplicationTet" time="0.03"/>
  <testcase classname="testcases.CheckOutPage1_Test" name="verifyURlOfCheckOutPage1" time="0.01"/>
  <testcase classname="testcases.CheckOutPage2_Test" name="verifyCancelBtnTest" time="0.096"/>
  <testcase classname="testcases.CheckOutPage2_Test" name="verifyLableTest" time="0.037"/>
  <testcase classname="testcases.CheckOutPage2_Test" name="verifyPaymentInfoTextTest" time="0.036"/>
  <testcase classname="testcases.CheckOutPage2_Test" name="verifyShippingInfoTextTest" time="0.025"/>
  <testcase classname="testcases.CheckOutPage2_Test" name="verifyTotalTextTest" time="0.027"/>
  <testcase classname="testcases.CheckOutPage2_Test" name="verifyclickOnFinishBtnTest" time="0.074"/>
  <testcase classname="testcases.CheckOutPage2_Test" name="verifyitemTotalTextTest" time="0.029"/>
  <testcase classname="testcases.Inventorypage2Test" name="add6ProductsTest" time="0.651"/>
  <testcase classname="testcases.Inventorypage2Test" name="remove6ProductsTest" time="2.794"/>
  <testcase classname="testcases.Inventorypage2Test" name="verifyAppLogoTest" time="0.048"/>
  <testcase classname="testcases.Inventorypage2Test" name="verifyFacebookLogoTest" time="0.04"/>
  <testcase classname="testcases.Inventorypage2Test" name="verifyLinkdinLogoTest" time="0.09"/>
  <testcase classname="testcases.Inventorypage2Test" name="verifyProductLableTest" time="0.097"/>
  <testcase classname="testcases.Inventorypage2Test" name="verifyTwitterLogoTest" time="0.039"/>
  <testcase classname="testcases.Cart_Page_Test" name="VerifyURLofCartPageTest" time="0.007"/>
  <testcase classname="testcases.Cart_Page_Test" name="VerifyshoppingCartPageTest" time="0.062"/>
  <testcase classname="testcases.Cart_Page_Test" name="verifyCart3linesTest" time="0.037"/>
  <testcase classname="testcases.Cart_Page_Test" name="verifyCartCheckOutBtnTest" time="0.027"/>
  <testcase classname="testcases.Cart_Page_Test" name="verifyCartDescriptionLableTest" time="0.031"/>
  <testcase classname="testcases.Cart_Page_Test" name="verifyCartFacebookLogoTest" time="0.036"/>
  <testcase classname="testcases.Cart_Page_Test" name="verifyCartLinkedInLogoTest" time="0.03"/>
  <testcase classname="testcases.Cart_Page_Test" name="verifyCartPageTitle" time="0.029"/>
  <testcase classname="testcases.Cart_Page_Test" name="verifyCartQualityLableTest" time="0.03"/>
  <testcase classname="testcases.Cart_Page_Test" name="verifyCartTwitterLogoTest" time="0.027"/>
  <testcase classname="testcases.Cart_Page_Test" name="verifyContinueShoppingCartBtnTest" time="0.045"/>
  <testcase classname="testcases.Cart_Page_Test" name="verifyFooterTxtCartPageTest" time="0.026"/>
</testsuite> <!-- Test -->
